{"level":"info","message":"Listening on port 3000...","timestamp":"2020-06-24T06:18:41.788Z"}
{"level":"info","message":"Listening on port 3000...","timestamp":"2020-06-24T06:23:40.884Z"}
{"level":"info","message":"Listening on port 3000...","timestamp":"2020-06-24T06:25:52.622Z"}
{"level":"info","message":"Listening on port 3000...","timestamp":"2020-06-24T06:35:34.791Z"}
{"level":"info","message":"Listening on port 3000...","timestamp":"2020-06-24T06:44:23.822Z"}
{"level":"info","message":"Listening on port 3000...","timestamp":"2020-06-24T06:46:29.351Z"}
{"level":"info","message":"Listening on port 3000...","timestamp":"2020-06-24T06:46:55.985Z"}
{"message":"t is not defined","stack":"ReferenceError: t is not defined\n    at Object.register (/Users/sheenangoh/Projects/school-api/repositories/registrationRepo.js:66:5)","level":"error","timestamp":"2020-06-24T06:47:01.918Z"}
{"level":"info","message":"Listening on port 3000...","timestamp":"2020-06-24T06:47:22.581Z"}
{"level":"info","message":"Listening on port 3000...","timestamp":"2020-06-24T06:50:06.531Z"}
{"level":"info","message":"Listening on port 3000...","timestamp":"2020-06-24T06:50:20.416Z"}
{"level":"info","message":"Listening on port 3000...","timestamp":"2020-06-24T06:51:25.885Z"}
{"level":"info","message":"Listening on port 3000...","timestamp":"2020-06-24T07:02:08.843Z"}
{"message":"t is not defined","stack":"ReferenceError: t is not defined\n    at Object.register (/Users/sheenangoh/Projects/school-api/repositories/registrationRepo.js:80:5)\n    at async /Users/sheenangoh/Projects/school-api/routes/register.js:23:3","level":"error","timestamp":"2020-06-24T07:02:15.511Z"}
{"level":"info","message":"Listening on port 3000...","timestamp":"2020-06-24T07:03:02.935Z"}
{"message":"t is not defined","stack":"ReferenceError: t is not defined\n    at Object.register (/Users/sheenangoh/Projects/school-api/repositories/registrationRepo.js:81:5)\n    at async /Users/sheenangoh/Projects/school-api/routes/register.js:23:3","level":"error","timestamp":"2020-06-24T07:03:10.981Z"}
{"level":"info","message":"Listening on port 3000...","timestamp":"2020-06-24T07:03:25.562Z"}
{"level":"info","message":"Listening on port 3000...","timestamp":"2020-06-24T07:04:36.125Z"}
{"message":"t is not defined","stack":"ReferenceError: t is not defined\n    at Object.register (/Users/sheenangoh/Projects/school-api/repositories/registrationRepo.js:81:5)","level":"error","timestamp":"2020-06-24T07:04:38.310Z"}
{"level":"info","message":"Listening on port 3000...","timestamp":"2020-06-24T07:04:58.966Z"}
{"level":"info","message":"Listening on port 3000...","timestamp":"2020-06-24T07:15:26.828Z"}
{"level":"info","message":"Listening on port 3000...","timestamp":"2020-06-24T07:17:51.912Z"}
{"level":"info","message":"Listening on port 3000...","timestamp":"2020-06-24T07:18:36.881Z"}
{"level":"info","message":"Listening on port 3000...","timestamp":"2020-06-24T07:19:45.794Z"}
{"level":"info","message":"Listening on port 3000...","timestamp":"2020-06-24T07:26:32.071Z"}
{"level":"info","message":"Listening on port 3000...","timestamp":"2020-06-24T07:28:52.404Z"}
{"level":"info","message":"Listening on port 3000...","timestamp":"2020-06-24T07:31:57.401Z"}
{"level":"info","message":"Listening on port 3000...","timestamp":"2020-06-24T07:39:07.846Z"}
{"level":"info","message":"Listening on port 3000...","timestamp":"2020-06-24T07:39:58.200Z"}
{"level":"info","message":"Listening on port 3000...","timestamp":"2020-06-24T07:40:12.890Z"}
{"level":"info","message":"Listening on port 3000...","timestamp":"2020-06-24T07:40:23.456Z"}
{"level":"info","message":"Listening on port 3000...","timestamp":"2020-06-24T07:44:20.164Z"}
{"message":"Joi is not defined","stack":"ReferenceError: Joi is not defined\n    at validate (/Users/sheenangoh/Projects/school-api/routes/commonstudents.js:6:18)\n    at /Users/sheenangoh/Projects/school-api/routes/commonstudents.js:16:21\n    at newFn (/Users/sheenangoh/Projects/school-api/node_modules/express-async-errors/index.js:16:20)\n    at Layer.handle [as handle_request] (/Users/sheenangoh/Projects/school-api/node_modules/express/lib/router/layer.js:95:5)\n    at next (/Users/sheenangoh/Projects/school-api/node_modules/express/lib/router/route.js:137:13)\n    at Route.dispatch (/Users/sheenangoh/Projects/school-api/node_modules/express/lib/router/route.js:112:3)\n    at newFn (/Users/sheenangoh/Projects/school-api/node_modules/express-async-errors/index.js:16:20)\n    at Layer.handle [as handle_request] (/Users/sheenangoh/Projects/school-api/node_modules/express/lib/router/layer.js:95:5)\n    at /Users/sheenangoh/Projects/school-api/node_modules/express/lib/router/index.js:281:22\n    at Function.process_params (/Users/sheenangoh/Projects/school-api/node_modules/express/lib/router/index.js:335:12)\n    at next (/Users/sheenangoh/Projects/school-api/node_modules/express/lib/router/index.js:275:10)\n    at Function.handle (/Users/sheenangoh/Projects/school-api/node_modules/express/lib/router/index.js:174:3)\n    at router (/Users/sheenangoh/Projects/school-api/node_modules/express/lib/router/index.js:47:12)\n    at newFn (/Users/sheenangoh/Projects/school-api/node_modules/express-async-errors/index.js:16:20)\n    at Layer.handle [as handle_request] (/Users/sheenangoh/Projects/school-api/node_modules/express/lib/router/layer.js:95:5)\n    at trim_prefix (/Users/sheenangoh/Projects/school-api/node_modules/express/lib/router/index.js:317:13)\n    at /Users/sheenangoh/Projects/school-api/node_modules/express/lib/router/index.js:284:7\n    at Function.process_params (/Users/sheenangoh/Projects/school-api/node_modules/express/lib/router/index.js:335:12)\n    at next (/Users/sheenangoh/Projects/school-api/node_modules/express/lib/router/index.js:275:10)\n    at /Users/sheenangoh/Projects/school-api/node_modules/body-parser/lib/read.js:130:5\n    at invokeCallback (/Users/sheenangoh/Projects/school-api/node_modules/raw-body/index.js:224:16)\n    at done (/Users/sheenangoh/Projects/school-api/node_modules/raw-body/index.js:213:7)","level":"error","timestamp":"2020-06-24T07:44:23.979Z"}
{"level":"info","message":"Listening on port 3000...","timestamp":"2020-06-24T07:44:33.181Z"}
{"level":"info","message":"Listening on port 3000...","timestamp":"2020-06-24T07:44:34.982Z"}
{"level":"info","message":"Listening on port 3000...","timestamp":"2020-06-24T07:44:56.977Z"}
{"level":"info","message":"Listening on port 3000...","timestamp":"2020-06-24T07:45:26.015Z"}
{"level":"info","message":"Listening on port 3000...","timestamp":"2020-06-24T07:47:12.532Z"}
{"level":"info","message":"Listening on port 3000...","timestamp":"2020-06-24T07:47:17.329Z"}
{"level":"info","message":"Listening on port 3000...","timestamp":"2020-06-24T07:47:35.432Z"}
{"level":"info","message":"Listening on port 3000...","timestamp":"2020-06-24T07:48:21.569Z"}
{"level":"info","message":"Listening on port 3000...","timestamp":"2020-06-24T07:48:25.063Z"}
{"level":"info","message":"Listening on port 3000...","timestamp":"2020-06-24T07:48:42.399Z"}
{"level":"info","message":"Listening on port 3000...","timestamp":"2020-06-24T07:48:47.982Z"}
{"level":"info","message":"Listening on port 3000...","timestamp":"2020-06-24T07:49:36.403Z"}
{"level":"info","message":"Listening on port 3000...","timestamp":"2020-06-24T09:07:38.960Z"}
{"level":"info","message":"Listening on port 3000...","timestamp":"2020-06-24T09:08:13.081Z"}
{"level":"info","message":"Listening on port 3000...","timestamp":"2020-06-24T09:08:45.464Z"}
{"level":"info","message":"Listening on port 3000...","timestamp":"2020-06-24T09:09:32.592Z"}
{"level":"info","message":"Listening on port 3000...","timestamp":"2020-06-24T09:10:12.030Z"}
{"level":"info","message":"Listening on port 3000...","timestamp":"2020-06-24T09:15:02.775Z"}
{"level":"info","message":"Listening on port 3000...","timestamp":"2020-06-24T09:15:20.381Z"}
{"level":"info","message":"Listening on port 3000...","timestamp":"2020-06-24T09:17:36.020Z"}
{"level":"info","message":"Listening on port 3000...","timestamp":"2020-06-24T09:17:46.765Z"}
{"level":"info","message":"Listening on port 3000...","timestamp":"2020-06-24T09:18:06.608Z"}
{"level":"info","message":"Listening on port 3000...","timestamp":"2020-06-24T09:18:20.366Z"}
{"level":"info","message":"Listening on port 3000...","timestamp":"2020-06-24T09:20:17.130Z"}
{"level":"info","message":"Listening on port 3000...","timestamp":"2020-06-24T09:20:37.853Z"}
{"level":"info","message":"Listening on port 3000...","timestamp":"2020-06-24T09:21:05.946Z"}
{"level":"info","message":"Listening on port 3000...","timestamp":"2020-06-24T09:22:17.817Z"}
{"level":"info","message":"Listening on port 3000...","timestamp":"2020-06-24T09:30:12.004Z"}
{"level":"info","message":"Listening on port 3000...","timestamp":"2020-06-24T09:36:39.257Z"}
{"level":"info","message":"Listening on port 3000...","timestamp":"2020-06-24T09:37:03.940Z"}
{"level":"info","message":"Listening on port 3000...","timestamp":"2020-06-24T09:37:08.936Z"}
{"level":"info","message":"Listening on port 3000...","timestamp":"2020-06-24T09:37:15.999Z"}
{"level":"info","message":"Listening on port 3000...","timestamp":"2020-06-24T09:37:58.992Z"}
{"level":"info","message":"Listening on port 3000...","timestamp":"2020-06-24T09:38:36.561Z"}
{"level":"info","message":"Listening on port 3000...","timestamp":"2020-06-24T09:41:47.995Z"}
{"level":"info","message":"Listening on port 3000...","timestamp":"2020-06-24T09:44:34.547Z"}
{"level":"info","message":"Listening on port 3000...","timestamp":"2020-06-24T09:44:57.146Z"}
{"level":"info","message":"Listening on port 3000...","timestamp":"2020-06-24T09:45:25.262Z"}
{"level":"info","message":"Listening on port 3000...","timestamp":"2020-06-24T09:48:08.157Z"}
{"level":"info","message":"Listening on port 3000...","timestamp":"2020-06-24T09:48:16.003Z"}
{"level":"info","message":"Listening on port 3000...","timestamp":"2020-06-24T09:48:29.575Z"}
{"level":"info","message":"Listening on port 3000...","timestamp":"2020-06-24T09:49:09.353Z"}
{"level":"info","message":"Listening on port 3000...","timestamp":"2020-06-24T09:49:27.892Z"}
{"level":"info","message":"Listening on port 3000...","timestamp":"2020-06-24T09:49:56.132Z"}
{"level":"info","message":"Listening on port 3000...","timestamp":"2020-06-24T09:50:17.069Z"}
{"level":"info","message":"Listening on port 3000...","timestamp":"2020-06-24T09:50:49.578Z"}
{"level":"info","message":"Listening on port 3000...","timestamp":"2020-06-24T09:51:10.938Z"}
{"level":"info","message":"Listening on port 3000...","timestamp":"2020-06-24T09:51:25.847Z"}
{"level":"info","message":"Listening on port 3000...","timestamp":"2020-06-24T09:51:45.040Z"}
{"level":"info","message":"Listening on port 3000...","timestamp":"2020-06-24T10:03:03.309Z"}
{"level":"info","message":"Listening on port 3000...","timestamp":"2020-06-24T10:04:19.851Z"}
{"level":"info","message":"Listening on port 3000...","timestamp":"2020-06-24T10:08:16.662Z"}
{"level":"info","message":"Listening on port 3000...","timestamp":"2020-06-24T10:08:21.362Z"}
{"level":"info","message":"Listening on port 3000...","timestamp":"2020-06-24T10:12:26.421Z"}
{"level":"info","message":"Listening on port 3000...","timestamp":"2020-06-24T10:15:03.186Z"}
{"level":"info","message":"Listening on port 3000...","timestamp":"2020-06-24T10:16:08.863Z"}
{"level":"info","message":"Listening on port 3000...","timestamp":"2020-06-24T10:16:22.552Z"}
{"level":"info","message":"Listening on port 3000...","timestamp":"2020-06-24T10:18:00.546Z"}
{"level":"info","message":"Listening on port 3000...","timestamp":"2020-06-24T10:19:14.233Z"}
{"level":"info","message":"Listening on port 3000...","timestamp":"2020-06-24T10:19:26.329Z"}
{"level":"info","message":"Listening on port 3000...","timestamp":"2020-06-24T10:21:04.216Z"}
{"level":"info","message":"Listening on port 3000...","timestamp":"2020-06-24T10:21:44.396Z"}
{"level":"info","message":"Listening on port 3000...","timestamp":"2020-06-24T10:26:02.748Z"}
{"level":"info","message":"Listening on port 3000...","timestamp":"2020-06-24T10:26:19.554Z"}
{"level":"info","message":"Listening on port 3000...","timestamp":"2020-06-24T10:26:30.814Z"}
{"level":"info","message":"Listening on port 3000...","timestamp":"2020-06-25T00:59:07.875Z"}
{"level":"info","message":"Listening on port 3000...","timestamp":"2020-06-25T01:00:28.872Z"}
{"level":"info","message":"Listening on port 3000...","timestamp":"2020-06-25T01:02:19.777Z"}
{"level":"info","message":"Listening on port 3000...","timestamp":"2020-06-25T01:02:47.036Z"}
{"level":"info","message":"Listening on port 3000...","timestamp":"2020-06-25T01:03:17.011Z"}
{"level":"info","message":"Listening on port 3000...","timestamp":"2020-06-25T01:03:38.272Z"}
{"level":"info","message":"Listening on port 3000...","timestamp":"2020-06-25T01:03:54.356Z"}
{"message":"email is not defined","stack":"ReferenceError: email is not defined\n    at /Users/sheenangoh/Projects/school-api/routes/suspend.js:21:60\n    at newFn (/Users/sheenangoh/Projects/school-api/node_modules/express-async-errors/index.js:16:20)\n    at Layer.handle [as handle_request] (/Users/sheenangoh/Projects/school-api/node_modules/express/lib/router/layer.js:95:5)\n    at next (/Users/sheenangoh/Projects/school-api/node_modules/express/lib/router/route.js:137:13)\n    at Route.dispatch (/Users/sheenangoh/Projects/school-api/node_modules/express/lib/router/route.js:112:3)\n    at newFn (/Users/sheenangoh/Projects/school-api/node_modules/express-async-errors/index.js:16:20)\n    at Layer.handle [as handle_request] (/Users/sheenangoh/Projects/school-api/node_modules/express/lib/router/layer.js:95:5)\n    at /Users/sheenangoh/Projects/school-api/node_modules/express/lib/router/index.js:281:22\n    at Function.process_params (/Users/sheenangoh/Projects/school-api/node_modules/express/lib/router/index.js:335:12)\n    at next (/Users/sheenangoh/Projects/school-api/node_modules/express/lib/router/index.js:275:10)\n    at Function.handle (/Users/sheenangoh/Projects/school-api/node_modules/express/lib/router/index.js:174:3)\n    at router (/Users/sheenangoh/Projects/school-api/node_modules/express/lib/router/index.js:47:12)\n    at newFn (/Users/sheenangoh/Projects/school-api/node_modules/express-async-errors/index.js:16:20)\n    at Layer.handle [as handle_request] (/Users/sheenangoh/Projects/school-api/node_modules/express/lib/router/layer.js:95:5)\n    at trim_prefix (/Users/sheenangoh/Projects/school-api/node_modules/express/lib/router/index.js:317:13)\n    at /Users/sheenangoh/Projects/school-api/node_modules/express/lib/router/index.js:284:7\n    at Function.process_params (/Users/sheenangoh/Projects/school-api/node_modules/express/lib/router/index.js:335:12)\n    at next (/Users/sheenangoh/Projects/school-api/node_modules/express/lib/router/index.js:275:10)\n    at /Users/sheenangoh/Projects/school-api/node_modules/body-parser/lib/read.js:130:5\n    at invokeCallback (/Users/sheenangoh/Projects/school-api/node_modules/raw-body/index.js:224:16)\n    at done (/Users/sheenangoh/Projects/school-api/node_modules/raw-body/index.js:213:7)\n    at IncomingMessage.onEnd (/Users/sheenangoh/Projects/school-api/node_modules/raw-body/index.js:273:7)","level":"error","timestamp":"2020-06-25T01:04:18.462Z"}
{"message":"email is not defined","stack":"ReferenceError: email is not defined\n    at /Users/sheenangoh/Projects/school-api/routes/suspend.js:21:60\n    at newFn (/Users/sheenangoh/Projects/school-api/node_modules/express-async-errors/index.js:16:20)\n    at Layer.handle [as handle_request] (/Users/sheenangoh/Projects/school-api/node_modules/express/lib/router/layer.js:95:5)\n    at next (/Users/sheenangoh/Projects/school-api/node_modules/express/lib/router/route.js:137:13)\n    at Route.dispatch (/Users/sheenangoh/Projects/school-api/node_modules/express/lib/router/route.js:112:3)\n    at newFn (/Users/sheenangoh/Projects/school-api/node_modules/express-async-errors/index.js:16:20)\n    at Layer.handle [as handle_request] (/Users/sheenangoh/Projects/school-api/node_modules/express/lib/router/layer.js:95:5)\n    at /Users/sheenangoh/Projects/school-api/node_modules/express/lib/router/index.js:281:22\n    at Function.process_params (/Users/sheenangoh/Projects/school-api/node_modules/express/lib/router/index.js:335:12)\n    at next (/Users/sheenangoh/Projects/school-api/node_modules/express/lib/router/index.js:275:10)\n    at Function.handle (/Users/sheenangoh/Projects/school-api/node_modules/express/lib/router/index.js:174:3)\n    at router (/Users/sheenangoh/Projects/school-api/node_modules/express/lib/router/index.js:47:12)\n    at newFn (/Users/sheenangoh/Projects/school-api/node_modules/express-async-errors/index.js:16:20)\n    at Layer.handle [as handle_request] (/Users/sheenangoh/Projects/school-api/node_modules/express/lib/router/layer.js:95:5)\n    at trim_prefix (/Users/sheenangoh/Projects/school-api/node_modules/express/lib/router/index.js:317:13)\n    at /Users/sheenangoh/Projects/school-api/node_modules/express/lib/router/index.js:284:7\n    at Function.process_params (/Users/sheenangoh/Projects/school-api/node_modules/express/lib/router/index.js:335:12)\n    at next (/Users/sheenangoh/Projects/school-api/node_modules/express/lib/router/index.js:275:10)\n    at /Users/sheenangoh/Projects/school-api/node_modules/body-parser/lib/read.js:130:5\n    at invokeCallback (/Users/sheenangoh/Projects/school-api/node_modules/raw-body/index.js:224:16)\n    at done (/Users/sheenangoh/Projects/school-api/node_modules/raw-body/index.js:213:7)\n    at IncomingMessage.onEnd (/Users/sheenangoh/Projects/school-api/node_modules/raw-body/index.js:273:7)","level":"error","timestamp":"2020-06-25T01:05:11.036Z"}
{"level":"info","message":"Listening on port 3000...","timestamp":"2020-06-25T01:05:41.611Z"}
{"level":"info","message":"Listening on port 3000...","timestamp":"2020-06-25T01:06:30.676Z"}
{"level":"info","message":"Listening on port 3000...","timestamp":"2020-06-25T01:08:49.049Z"}
{"level":"info","message":"Listening on port 3000...","timestamp":"2020-06-25T01:08:54.460Z"}
{"level":"info","message":"Listening on port 3000...","timestamp":"2020-06-25T01:10:47.009Z"}
{"level":"info","message":"Listening on port 3000...","timestamp":"2020-06-25T01:10:54.686Z"}
{"level":"info","message":"Listening on port 3000...","timestamp":"2020-06-25T01:11:34.380Z"}
{"level":"info","message":"Listening on port 3000...","timestamp":"2020-06-25T01:16:20.685Z"}
{"level":"info","message":"Listening on port 3000...","timestamp":"2020-06-25T01:17:18.921Z"}
{"level":"info","message":"Listening on port 3000...","timestamp":"2020-06-25T01:18:35.487Z"}
{"level":"info","message":"Listening on port 3000...","timestamp":"2020-06-25T01:18:53.914Z"}
{"level":"info","message":"Listening on port 3000...","timestamp":"2020-06-25T01:19:49.524Z"}
{"level":"info","message":"Listening on port 3000...","timestamp":"2020-06-25T01:20:45.648Z"}
{"level":"info","message":"Listening on port 3000...","timestamp":"2020-06-25T01:42:14.934Z"}
{"level":"info","message":"Listening on port 3000...","timestamp":"2020-06-25T01:42:29.757Z"}
{"level":"info","message":"Listening on port 3000...","timestamp":"2020-06-25T01:43:49.325Z"}
{"level":"info","message":"Listening on port 3000...","timestamp":"2020-06-25T01:47:01.587Z"}
{"level":"info","message":"Listening on port 3000...","timestamp":"2020-06-25T01:47:59.981Z"}
{"level":"info","message":"Listening on port 3000...","timestamp":"2020-06-25T01:48:20.382Z"}
{"level":"info","message":"Listening on port 3000...","timestamp":"2020-06-25T01:48:22.261Z"}
{"level":"info","message":"Listening on port 3000...","timestamp":"2020-06-25T01:48:45.131Z"}
{"level":"info","message":"Listening on port 3000...","timestamp":"2020-06-25T01:51:17.397Z"}
{"level":"info","message":"Listening on port 3000...","timestamp":"2020-06-25T01:52:26.922Z"}
{"message":"str is not defined","stack":"ReferenceError: str is not defined\n    at /Users/sheenangoh/Projects/school-api/routes/retrievefornotifications.js:27:82\n    at Array.map (<anonymous>)\n    at /Users/sheenangoh/Projects/school-api/routes/retrievefornotifications.js:27:67\n    at newFn (/Users/sheenangoh/Projects/school-api/node_modules/express-async-errors/index.js:16:20)\n    at Layer.handle [as handle_request] (/Users/sheenangoh/Projects/school-api/node_modules/express/lib/router/layer.js:95:5)\n    at next (/Users/sheenangoh/Projects/school-api/node_modules/express/lib/router/route.js:137:13)\n    at Route.dispatch (/Users/sheenangoh/Projects/school-api/node_modules/express/lib/router/route.js:112:3)\n    at newFn (/Users/sheenangoh/Projects/school-api/node_modules/express-async-errors/index.js:16:20)\n    at Layer.handle [as handle_request] (/Users/sheenangoh/Projects/school-api/node_modules/express/lib/router/layer.js:95:5)\n    at /Users/sheenangoh/Projects/school-api/node_modules/express/lib/router/index.js:281:22\n    at Function.process_params (/Users/sheenangoh/Projects/school-api/node_modules/express/lib/router/index.js:335:12)\n    at next (/Users/sheenangoh/Projects/school-api/node_modules/express/lib/router/index.js:275:10)\n    at Function.handle (/Users/sheenangoh/Projects/school-api/node_modules/express/lib/router/index.js:174:3)\n    at router (/Users/sheenangoh/Projects/school-api/node_modules/express/lib/router/index.js:47:12)\n    at newFn (/Users/sheenangoh/Projects/school-api/node_modules/express-async-errors/index.js:16:20)\n    at Layer.handle [as handle_request] (/Users/sheenangoh/Projects/school-api/node_modules/express/lib/router/layer.js:95:5)\n    at trim_prefix (/Users/sheenangoh/Projects/school-api/node_modules/express/lib/router/index.js:317:13)\n    at /Users/sheenangoh/Projects/school-api/node_modules/express/lib/router/index.js:284:7\n    at Function.process_params (/Users/sheenangoh/Projects/school-api/node_modules/express/lib/router/index.js:335:12)\n    at next (/Users/sheenangoh/Projects/school-api/node_modules/express/lib/router/index.js:275:10)\n    at /Users/sheenangoh/Projects/school-api/node_modules/body-parser/lib/read.js:130:5\n    at invokeCallback (/Users/sheenangoh/Projects/school-api/node_modules/raw-body/index.js:224:16)","level":"error","timestamp":"2020-06-25T01:52:33.989Z"}
{"level":"info","message":"Listening on port 3000...","timestamp":"2020-06-25T01:52:46.941Z"}
{"level":"info","message":"Listening on port 3000...","timestamp":"2020-06-25T01:53:12.784Z"}
{"level":"info","message":"Listening on port 3000...","timestamp":"2020-06-25T01:53:23.918Z"}
{"level":"info","message":"Listening on port 3000...","timestamp":"2020-06-25T01:56:32.355Z"}
{"level":"info","message":"Listening on port 3000...","timestamp":"2020-06-25T01:57:49.997Z"}
{"level":"info","message":"Listening on port 3000...","timestamp":"2020-06-25T01:58:13.181Z"}
{"level":"info","message":"Listening on port 3000...","timestamp":"2020-06-25T02:15:00.258Z"}
{"level":"info","message":"Listening on port 3000...","timestamp":"2020-06-25T02:15:39.071Z"}
{"level":"info","message":"Listening on port 3000...","timestamp":"2020-06-25T02:16:16.177Z"}
{"level":"info","message":"Listening on port 3000...","timestamp":"2020-06-25T02:17:18.915Z"}
{"level":"info","message":"Listening on port 3000...","timestamp":"2020-06-25T02:18:22.712Z"}
{"level":"info","message":"Listening on port 3000...","timestamp":"2020-06-25T02:18:50.345Z"}
{"level":"info","message":"Listening on port 3000...","timestamp":"2020-06-25T02:19:00.188Z"}
{"level":"info","message":"Listening on port 3000...","timestamp":"2020-06-25T02:20:17.244Z"}
{"level":"info","message":"Listening on port 3000...","timestamp":"2020-06-25T02:20:51.255Z"}
{"level":"info","message":"Listening on port 3000...","timestamp":"2020-06-25T02:21:32.241Z"}
{"level":"info","message":"Listening on port 3000...","timestamp":"2020-06-25T02:22:16.660Z"}
{"level":"info","message":"Listening on port 3000...","timestamp":"2020-06-25T02:22:40.284Z"}
{"level":"info","message":"Listening on port 3000...","timestamp":"2020-06-25T02:25:28.038Z"}
{"level":"info","message":"Listening on port 3000...","timestamp":"2020-06-25T02:27:39.820Z"}
{"level":"info","message":"Listening on port 3000...","timestamp":"2020-06-25T02:28:18.655Z"}
{"level":"info","message":"Listening on port 3000...","timestamp":"2020-06-25T02:29:35.814Z"}
{"level":"info","message":"Listening on port 3000...","timestamp":"2020-06-25T02:30:08.562Z"}
{"level":"info","message":"Listening on port 3000...","timestamp":"2020-06-25T02:31:10.255Z"}
{"level":"info","message":"Listening on port 3000...","timestamp":"2020-06-25T02:31:42.272Z"}
{"level":"info","message":"Listening on port 3000...","timestamp":"2020-06-25T02:32:09.326Z"}
{"level":"info","message":"Listening on port 3000...","timestamp":"2020-06-25T02:34:27.405Z"}
{"level":"info","message":"Listening on port 3000...","timestamp":"2020-06-25T02:34:58.043Z"}
{"level":"info","message":"Listening on port 3000...","timestamp":"2020-06-25T02:37:42.358Z"}
{"level":"info","message":"Listening on port 3000...","timestamp":"2020-06-25T02:39:30.540Z"}
{"level":"info","message":"Listening on port 3000...","timestamp":"2020-06-25T02:39:53.356Z"}
{"level":"info","message":"Listening on port 3000...","timestamp":"2020-06-25T02:40:00.322Z"}
{"level":"info","message":"Listening on port 3000...","timestamp":"2020-06-25T02:40:07.583Z"}
{"level":"info","message":"Listening on port 3000...","timestamp":"2020-06-25T02:40:28.116Z"}
{"level":"info","message":"Listening on port 3000...","timestamp":"2020-06-25T02:41:28.630Z"}
{"level":"info","message":"Listening on port 3000...","timestamp":"2020-06-25T02:41:35.458Z"}
{"level":"info","message":"Listening on port 3000...","timestamp":"2020-06-25T02:41:42.151Z"}
{"level":"info","message":"Listening on port 3000...","timestamp":"2020-06-25T02:42:02.011Z"}
{"level":"info","message":"Listening on port 3000...","timestamp":"2020-06-25T02:42:06.691Z"}
{"level":"info","message":"Listening on port 3000...","timestamp":"2020-06-25T02:42:26.259Z"}
{"level":"info","message":"Listening on port 3000...","timestamp":"2020-06-25T02:46:16.929Z"}
{"level":"info","message":"Listening on port 3000...","timestamp":"2020-06-25T02:46:26.297Z"}
{"level":"info","message":"Listening on port 3000...","timestamp":"2020-06-25T02:48:39.358Z"}
{"level":"info","message":"Listening on port 3000...","timestamp":"2020-06-25T02:48:48.759Z"}
{"level":"info","message":"Listening on port 3000...","timestamp":"2020-06-25T02:49:09.947Z"}
{"level":"info","message":"Listening on port 3000...","timestamp":"2020-06-25T02:49:27.821Z"}
{"level":"info","message":"Listening on port 3000...","timestamp":"2020-06-25T02:49:54.617Z"}
{"level":"info","message":"Listening on port 3000...","timestamp":"2020-06-25T02:50:39.202Z"}
{"level":"info","message":"Listening on port 3000...","timestamp":"2020-06-25T02:52:17.956Z"}
{"level":"info","message":"Listening on port 3000...","timestamp":"2020-06-25T02:52:34.830Z"}
{"level":"info","message":"Listening on port 3000...","timestamp":"2020-06-25T02:52:56.766Z"}
{"level":"info","message":"Listening on port 3000...","timestamp":"2020-06-25T02:53:38.090Z"}
{"level":"info","message":"Listening on port 3000...","timestamp":"2020-06-25T02:53:41.500Z"}
{"message":"getEmailMentions is not a function","stack":"TypeError: getEmailMentions is not a function\n    at /Users/sheenangoh/Projects/school-api/routes/retrievefornotifications.js:27:31","level":"error","timestamp":"2020-06-25T02:53:56.071Z"}
{"level":"info","message":"Listening on port 3000...","timestamp":"2020-06-25T02:54:49.996Z"}
{"level":"info","message":"Listening on port 3000...","timestamp":"2020-06-25T02:55:08.806Z"}
{"level":"info","message":"Listening on port 3000...","timestamp":"2020-06-25T02:56:06.195Z"}
{"level":"info","message":"Listening on port 3000...","timestamp":"2020-06-25T02:56:23.317Z"}
{"message":"itema is not defined","stack":"ReferenceError: itema is not defined\n    at /Users/sheenangoh/Projects/school-api/repositories/notificationRepo.js:18:69\n    at Array.reduce (<anonymous>)\n    at Object.retrieveForNotifications (/Users/sheenangoh/Projects/school-api/repositories/notificationRepo.js:17:50)\n    at async /Users/sheenangoh/Projects/school-api/routes/retrievefornotifications.js:29:35","level":"error","timestamp":"2020-06-25T02:56:25.886Z"}
{"message":"itema is not defined","stack":"ReferenceError: itema is not defined\n    at /Users/sheenangoh/Projects/school-api/repositories/notificationRepo.js:18:69\n    at Array.reduce (<anonymous>)\n    at Object.retrieveForNotifications (/Users/sheenangoh/Projects/school-api/repositories/notificationRepo.js:17:50)\n    at async /Users/sheenangoh/Projects/school-api/routes/retrievefornotifications.js:29:35","level":"error","timestamp":"2020-06-25T02:56:31.624Z"}
{"level":"info","message":"Listening on port 3000...","timestamp":"2020-06-25T02:57:01.101Z"}
{"message":"itema is not defined","stack":"ReferenceError: itema is not defined\n    at /Users/sheenangoh/Projects/school-api/repositories/notificationRepo.js:18:69\n    at Array.reduce (<anonymous>)\n    at Object.retrieveForNotifications (/Users/sheenangoh/Projects/school-api/repositories/notificationRepo.js:17:50)\n    at async /Users/sheenangoh/Projects/school-api/routes/retrievefornotifications.js:29:35","level":"error","timestamp":"2020-06-25T02:57:02.603Z"}
{"level":"info","message":"Listening on port 3000...","timestamp":"2020-06-25T02:58:43.140Z"}
{"level":"info","message":"Listening on port 3000...","timestamp":"2020-06-25T02:58:56.633Z"}
{"level":"info","message":"Listening on port 3000...","timestamp":"2020-06-25T02:59:46.496Z"}
{"level":"info","message":"Listening on port 3000...","timestamp":"2020-06-25T03:01:01.175Z"}
{"level":"info","message":"Listening on port 3000...","timestamp":"2020-06-25T03:01:10.834Z"}
{"level":"info","message":"Listening on port 3000...","timestamp":"2020-06-25T03:06:56.307Z"}
{"level":"info","message":"Listening on port 3000...","timestamp":"2020-06-25T03:07:06.204Z"}
{"level":"info","message":"Listening on port 3000...","timestamp":"2020-06-25T03:07:08.043Z"}
{"level":"info","message":"Listening on port 3000...","timestamp":"2020-06-25T03:07:58.395Z"}
{"level":"info","message":"Listening on port 3000...","timestamp":"2020-06-25T03:07:59.459Z"}
{"level":"info","message":"Listening on port 3000...","timestamp":"2020-06-25T03:09:26.225Z"}
{"level":"info","message":"Listening on port 3000...","timestamp":"2020-06-25T03:19:43.111Z"}
{"level":"info","message":"Listening on port 3000...","timestamp":"2020-06-25T03:42:46.721Z"}
{"level":"info","message":"Listening on port 3000...","timestamp":"2020-06-25T03:45:52.173Z"}
{"level":"info","message":"Listening on port 3000...","timestamp":"2020-06-25T03:46:19.741Z"}
{"level":"info","message":"Listening on port 3000...","timestamp":"2020-06-25T03:46:42.606Z"}
{"level":"info","message":"Listening on port 3000...","timestamp":"2020-06-25T03:47:27.970Z"}
{"level":"info","message":"Listening on port 3000...","timestamp":"2020-06-25T03:49:11.095Z"}
{"level":"info","message":"Listening on port 3000...","timestamp":"2020-06-25T03:49:27.290Z"}
{"level":"info","message":"Listening on port 3000...","timestamp":"2020-06-25T03:50:51.122Z"}
{"level":"info","message":"Listening on port 3000...","timestamp":"2020-06-25T03:51:50.941Z"}
{"level":"info","message":"Listening on port 3000...","timestamp":"2020-06-25T03:53:33.115Z"}
{"level":"info","message":"Listening on port 3000...","timestamp":"2020-06-25T03:55:40.104Z"}
{"level":"info","message":"Listening on port 3000...","timestamp":"2020-06-25T03:56:10.941Z"}
{"level":"info","message":"Listening on port 3000...","timestamp":"2020-06-25T03:58:02.533Z"}
{"level":"info","message":"Listening on port 3000...","timestamp":"2020-06-25T03:59:06.422Z"}
{"level":"info","message":"Listening on port 3000...","timestamp":"2020-06-25T04:00:49.301Z"}
{"level":"info","message":"Listening on port 3000...","timestamp":"2020-06-25T04:01:20.298Z"}
{"level":"info","message":"Listening on port 3000...","timestamp":"2020-06-25T04:01:32.607Z"}
{"level":"info","message":"Listening on port 3000...","timestamp":"2020-06-25T04:03:35.197Z"}
{"level":"info","message":"Listening on port 3000...","timestamp":"2020-06-25T04:05:17.168Z"}
{"level":"info","message":"Listening on port 3000...","timestamp":"2020-06-25T04:05:44.247Z"}
{"level":"info","message":"Listening on port 3000...","timestamp":"2020-06-25T04:06:12.604Z"}
{"level":"info","message":"Listening on port 3000...","timestamp":"2020-06-25T04:06:47.136Z"}
{"level":"info","message":"Listening on port 3000...","timestamp":"2020-06-25T04:07:46.306Z"}
{"level":"info","message":"Listening on port 3000...","timestamp":"2020-06-25T04:08:08.885Z"}
{"level":"info","message":"Listening on port 3000...","timestamp":"2020-06-25T04:08:13.644Z"}
{"level":"info","message":"Listening on port 3000...","timestamp":"2020-06-25T04:08:28.306Z"}
{"level":"info","message":"Listening on port 3000...","timestamp":"2020-06-25T04:08:35.494Z"}
{"level":"info","message":"Listening on port 3000...","timestamp":"2020-06-25T04:09:58.519Z"}
{"level":"info","message":"Listening on port 3000...","timestamp":"2020-06-25T04:15:15.654Z"}
{"level":"info","message":"Listening on port 3000...","timestamp":"2020-06-25T04:15:36.397Z"}
{"level":"info","message":"Listening on port 3000...","timestamp":"2020-06-25T04:15:53.811Z"}
{"level":"info","message":"Listening on port 3000...","timestamp":"2020-06-25T04:16:12.249Z"}
{"level":"info","message":"Listening on port 3000...","timestamp":"2020-06-25T04:16:24.378Z"}
{"level":"info","message":"Listening on port 3000...","timestamp":"2020-06-25T04:16:58.829Z"}
{"level":"info","message":"Listening on port 3000...","timestamp":"2020-06-25T04:17:38.053Z"}
{"level":"info","message":"Listening on port 3000...","timestamp":"2020-06-25T04:17:41.978Z"}
{"level":"info","message":"Listening on port 3000...","timestamp":"2020-06-25T04:18:00.157Z"}
{"level":"info","message":"Listening on port 3000...","timestamp":"2020-06-25T04:18:36.615Z"}
{"level":"info","message":"Listening on port 3000...","timestamp":"2020-06-25T04:18:47.120Z"}
{"level":"info","message":"Listening on port 3000...","timestamp":"2020-06-25T04:18:51.000Z"}
{"level":"info","message":"Listening on port 3000...","timestamp":"2020-06-25T04:19:39.851Z"}
{"level":"info","message":"Listening on port 3000...","timestamp":"2020-06-25T04:19:51.301Z"}
{"level":"info","message":"Listening on port 3000...","timestamp":"2020-06-25T04:20:00.514Z"}
{"level":"info","message":"Listening on port 3000...","timestamp":"2020-06-25T04:20:05.011Z"}
{"level":"info","message":"Listening on port 3000...","timestamp":"2020-06-25T04:21:28.382Z"}
{"level":"info","message":"Listening on port 3000...","timestamp":"2020-06-25T04:21:46.196Z"}
{"level":"info","message":"Listening on port 3000...","timestamp":"2020-06-25T04:25:25.909Z"}
{"level":"info","message":"Listening on port 3000...","timestamp":"2020-06-25T04:27:19.751Z"}
{"level":"info","message":"Listening on port 3000...","timestamp":"2020-06-25T04:29:05.963Z"}
{"level":"info","message":"Listening on port 3000...","timestamp":"2020-06-25T04:29:17.600Z"}
{"level":"info","message":"Listening on port 3000...","timestamp":"2020-06-25T04:31:02.241Z"}
{"level":"info","message":"Listening on port 3000...","timestamp":"2020-06-25T04:31:39.427Z"}
{"level":"info","message":"Listening on port 3000...","timestamp":"2020-06-25T04:31:48.735Z"}
{"level":"info","message":"Listening on port 3000...","timestamp":"2020-06-25T04:31:52.881Z"}
{"level":"info","message":"Listening on port 3000...","timestamp":"2020-06-25T04:32:16.892Z"}
{"level":"info","message":"Listening on port 3000...","timestamp":"2020-06-25T04:34:57.347Z"}
{"level":"info","message":"Listening on port 3000...","timestamp":"2020-06-25T04:35:42.630Z"}
{"level":"info","message":"Listening on port 3000...","timestamp":"2020-06-25T04:35:51.379Z"}
{"level":"info","message":"Listening on port 3000...","timestamp":"2020-06-25T04:36:40.997Z"}
{"level":"info","message":"Listening on port 3000...","timestamp":"2020-06-25T04:39:02.264Z"}
{"level":"info","message":"Listening on port 3000...","timestamp":"2020-06-25T04:39:10.346Z"}
{"level":"info","message":"Listening on port 3000...","timestamp":"2020-06-25T04:40:37.188Z"}
{"level":"info","message":"Listening on port 3000...","timestamp":"2020-06-25T04:40:41.836Z"}
{"level":"info","message":"Listening on port 3000...","timestamp":"2020-06-25T04:40:50.588Z"}
{"level":"info","message":"Listening on port 3000...","timestamp":"2020-06-25T05:05:02.741Z"}
{"level":"info","message":"Listening on port 3000...","timestamp":"2020-06-25T05:05:03.144Z"}
{"level":"info","message":"Listening on port 3000...","timestamp":"2020-06-25T05:05:30.763Z"}
{"level":"info","message":"Listening on port 3000...","timestamp":"2020-06-25T05:05:31.104Z"}
{"level":"info","message":"Listening on port 3000...","timestamp":"2020-06-25T05:06:57.986Z"}
{"level":"info","message":"Listening on port 3000...","timestamp":"2020-06-25T05:06:58.056Z"}
{"message":"t is not defined","stack":"ReferenceError: t is not defined\n    at Object.register (/Users/sheenangoh/Projects/school-api/repositories/registrationRepo.js:56:5)","level":"error","timestamp":"2020-06-25T05:06:58.096Z"}
{"level":"info","message":"Listening on port 3000...","timestamp":"2020-06-25T05:07:06.899Z"}
{"level":"info","message":"Listening on port 3000...","timestamp":"2020-06-25T05:07:07.775Z"}
{"level":"info","message":"Listening on port 3000...","timestamp":"2020-06-25T05:08:16.383Z"}
{"level":"info","message":"Listening on port 3000...","timestamp":"2020-06-25T05:08:17.257Z"}
{"level":"info","message":"Listening on port 3000...","timestamp":"2020-06-25T05:10:13.211Z"}
{"level":"info","message":"Listening on port 3000...","timestamp":"2020-06-25T05:10:14.216Z"}
{"level":"info","message":"Listening on port 3000...","timestamp":"2020-06-25T05:11:03.333Z"}
{"level":"info","message":"Listening on port 3000...","timestamp":"2020-06-25T05:11:04.497Z"}
{"level":"info","message":"Listening on port 3000...","timestamp":"2020-06-25T05:11:40.194Z"}
{"level":"info","message":"Listening on port 3000...","timestamp":"2020-06-25T05:11:41.348Z"}
{"level":"info","message":"Listening on port 3000...","timestamp":"2020-06-25T05:12:02.835Z"}
{"level":"info","message":"Listening on port 3000...","timestamp":"2020-06-25T05:12:04.009Z"}
{"level":"info","message":"Listening on port 3000...","timestamp":"2020-06-25T05:12:13.521Z"}
{"level":"info","message":"Listening on port 3000...","timestamp":"2020-06-25T05:12:14.819Z"}
{"level":"info","message":"Listening on port 3000...","timestamp":"2020-06-25T05:12:21.687Z"}
{"level":"info","message":"Listening on port 3000...","timestamp":"2020-06-25T05:12:22.928Z"}
{"level":"info","message":"Listening on port 3000...","timestamp":"2020-06-25T05:12:35.980Z"}
{"level":"info","message":"Listening on port 3000...","timestamp":"2020-06-25T05:12:37.428Z"}
{"level":"info","message":"Listening on port 3000...","timestamp":"2020-06-25T05:15:40.137Z"}
{"level":"info","message":"Listening on port 3000...","timestamp":"2020-06-25T05:15:41.468Z"}
{"level":"info","message":"Listening on port 3000...","timestamp":"2020-06-25T05:16:16.783Z"}
{"level":"info","message":"Listening on port 3000...","timestamp":"2020-06-25T05:16:18.127Z"}
{"level":"info","message":"Listening on port 3000...","timestamp":"2020-06-25T05:16:20.147Z"}
{"level":"info","message":"Listening on port 3000...","timestamp":"2020-06-25T05:16:21.648Z"}
{"level":"info","message":"Listening on port 3000...","timestamp":"2020-06-25T05:17:02.799Z"}
{"level":"info","message":"Listening on port 3000...","timestamp":"2020-06-25T05:17:04.316Z"}
{"level":"info","message":"Listening on port 3000...","timestamp":"2020-06-25T05:17:56.316Z"}
{"level":"info","message":"Listening on port 3000...","timestamp":"2020-06-25T05:17:57.873Z"}
{"level":"info","message":"Listening on port 3000...","timestamp":"2020-06-25T05:18:02.392Z"}
{"level":"info","message":"Listening on port 3000...","timestamp":"2020-06-25T05:18:03.941Z"}
{"level":"info","message":"Listening on port 3000...","timestamp":"2020-06-25T05:18:10.541Z"}
{"level":"info","message":"Listening on port 3000...","timestamp":"2020-06-25T05:18:12.137Z"}
{"level":"info","message":"Listening on port 3000...","timestamp":"2020-06-25T05:18:32.824Z"}
{"level":"info","message":"Listening on port 3000...","timestamp":"2020-06-25T05:18:34.517Z"}
{"level":"info","message":"Listening on port 3000...","timestamp":"2020-06-25T05:18:37.141Z"}
{"level":"info","message":"Listening on port 3000...","timestamp":"2020-06-25T05:18:38.812Z"}
{"level":"info","message":"Listening on port 3000...","timestamp":"2020-06-25T05:18:51.038Z"}
{"level":"info","message":"Listening on port 3000...","timestamp":"2020-06-25T05:18:52.721Z"}
{"level":"info","message":"Listening on port 3000...","timestamp":"2020-06-25T05:19:10.420Z"}
{"level":"info","message":"Listening on port 3000...","timestamp":"2020-06-25T05:19:12.261Z"}
{"level":"info","message":"Listening on port 3000...","timestamp":"2020-06-25T05:21:10.483Z"}
{"level":"info","message":"Listening on port 3000...","timestamp":"2020-06-25T05:21:12.366Z"}
{"level":"info","message":"Listening on port 3000...","timestamp":"2020-06-25T05:21:24.896Z"}
{"level":"info","message":"Listening on port 3000...","timestamp":"2020-06-25T05:21:26.758Z"}
{"level":"info","message":"Listening on port 3000...","timestamp":"2020-06-25T05:21:55.599Z"}
{"level":"info","message":"Listening on port 3000...","timestamp":"2020-06-25T05:21:57.738Z"}
{"level":"info","message":"Listening on port 3000...","timestamp":"2020-06-25T05:22:03.112Z"}
{"level":"info","message":"Listening on port 3000...","timestamp":"2020-06-25T05:22:05.106Z"}
{"level":"info","message":"Listening on port 3000...","timestamp":"2020-06-25T05:22:11.355Z"}
{"level":"info","message":"Listening on port 3000...","timestamp":"2020-06-25T05:22:13.449Z"}
{"level":"info","message":"Listening on port 3000...","timestamp":"2020-06-25T05:22:21.458Z"}
{"level":"info","message":"Listening on port 3000...","timestamp":"2020-06-25T05:22:23.659Z"}
{"level":"info","message":"Listening on port 3000...","timestamp":"2020-06-25T05:22:31.521Z"}
{"level":"info","message":"Listening on port 3000...","timestamp":"2020-06-25T05:22:33.922Z"}
{"level":"info","message":"Listening on port 3000...","timestamp":"2020-06-25T05:23:31.194Z"}
{"level":"info","message":"Listening on port 3000...","timestamp":"2020-06-25T05:23:31.942Z"}
{"level":"info","message":"Listening on port 3000...","timestamp":"2020-06-25T05:23:32.983Z"}
{"level":"info","message":"Listening on port 3000...","timestamp":"2020-06-25T05:24:00.755Z"}
{"level":"info","message":"Listening on port 3000...","timestamp":"2020-06-25T05:24:01.576Z"}
{"level":"info","message":"Listening on port 3000...","timestamp":"2020-06-25T05:24:02.663Z"}
{"level":"info","message":"Listening on port 3000...","timestamp":"2020-06-25T05:24:21.082Z"}
{"level":"info","message":"Listening on port 3000...","timestamp":"2020-06-25T05:24:21.941Z"}
{"level":"info","message":"Listening on port 3000...","timestamp":"2020-06-25T05:24:23.077Z"}
{"level":"info","message":"Listening on port 3000...","timestamp":"2020-06-25T05:24:54.258Z"}
{"level":"info","message":"Listening on port 3000...","timestamp":"2020-06-25T05:24:55.150Z"}
{"level":"info","message":"Listening on port 3000...","timestamp":"2020-06-25T05:24:56.357Z"}
{"level":"info","message":"Listening on port 3000...","timestamp":"2020-06-25T05:27:31.653Z"}
{"level":"info","message":"Listening on port 3000...","timestamp":"2020-06-25T05:27:32.699Z"}
{"level":"info","message":"Listening on port 3000...","timestamp":"2020-06-25T05:27:34.039Z"}
{"level":"info","message":"Listening on port 3000...","timestamp":"2020-06-25T05:27:46.758Z"}
{"level":"info","message":"Listening on port 3000...","timestamp":"2020-06-25T05:27:47.863Z"}
{"level":"info","message":"Listening on port 3000...","timestamp":"2020-06-25T05:27:49.293Z"}
{"level":"info","message":"Listening on port 3000...","timestamp":"2020-06-25T05:28:03.406Z"}
{"level":"info","message":"Listening on port 3000...","timestamp":"2020-06-25T05:28:04.685Z"}
{"level":"info","message":"Listening on port 3000...","timestamp":"2020-06-25T05:28:06.241Z"}
{"level":"info","message":"Listening on port 3000...","timestamp":"2020-06-25T05:28:16.087Z"}
{"level":"info","message":"Listening on port 3000...","timestamp":"2020-06-25T05:28:17.366Z"}
{"level":"info","message":"Listening on port 3000...","timestamp":"2020-06-25T05:28:18.969Z"}
{"level":"info","message":"Listening on port 3000...","timestamp":"2020-06-25T05:28:57.192Z"}
{"level":"info","message":"Listening on port 3000...","timestamp":"2020-06-25T05:28:58.872Z"}
{"level":"info","message":"Listening on port 3000...","timestamp":"2020-06-25T05:29:00.098Z"}
{"level":"info","message":"Listening on port 3000...","timestamp":"2020-06-25T05:30:50.250Z"}
{"level":"info","message":"Listening on port 3000...","timestamp":"2020-06-25T05:30:51.893Z"}
{"level":"info","message":"Listening on port 3000...","timestamp":"2020-06-25T05:30:53.518Z"}
{"level":"info","message":"Listening on port 3000...","timestamp":"2020-06-25T05:31:20.088Z"}
{"level":"info","message":"Listening on port 3000...","timestamp":"2020-06-25T05:32:15.475Z"}
{"level":"info","message":"Listening on port 3000...","timestamp":"2020-06-25T05:32:25.784Z"}
{"level":"info","message":"Listening on port 3000...","timestamp":"2020-06-25T05:32:32.903Z"}
{"level":"info","message":"Listening on port 3000...","timestamp":"2020-06-25T05:38:25.883Z"}
{"level":"info","message":"Listening on port 3000...","timestamp":"2020-06-25T05:38:35.465Z"}
{"level":"info","message":"Listening on port 3000...","timestamp":"2020-06-25T05:39:23.765Z"}
{"level":"info","message":"Listening on port 3000...","timestamp":"2020-06-25T05:39:29.716Z"}
{"level":"info","message":"Listening on port 3000...","timestamp":"2020-06-25T05:39:30.806Z"}
{"level":"info","message":"Listening on port 3000...","timestamp":"2020-06-25T05:39:31.649Z"}
{"level":"info","message":"Listening on port 3000...","timestamp":"2020-06-25T05:39:32.697Z"}
{"level":"info","message":"Listening on port 3000...","timestamp":"2020-06-25T05:39:45.173Z"}
{"level":"info","message":"Listening on port 3000...","timestamp":"2020-06-25T05:39:46.078Z"}
{"level":"info","message":"Listening on port 3000...","timestamp":"2020-06-25T05:39:47.243Z"}
{"level":"info","message":"Listening on port 3000...","timestamp":"2020-06-25T05:39:48.418Z"}
{"level":"info","message":"Listening on port 3000...","timestamp":"2020-06-25T05:40:24.350Z"}
{"level":"info","message":"Listening on port 3000...","timestamp":"2020-06-25T05:40:25.396Z"}
{"level":"info","message":"Listening on port 3000...","timestamp":"2020-06-25T05:40:26.608Z"}
{"level":"info","message":"Listening on port 3000...","timestamp":"2020-06-25T05:40:27.859Z"}
{"level":"info","message":"Listening on port 3000...","timestamp":"2020-06-25T05:40:49.065Z"}
{"level":"info","message":"Listening on port 3000...","timestamp":"2020-06-25T05:40:50.324Z"}
{"level":"info","message":"Listening on port 3000...","timestamp":"2020-06-25T05:40:51.612Z"}
{"level":"info","message":"Listening on port 3000...","timestamp":"2020-06-25T05:40:52.862Z"}
{"level":"info","message":"Listening on port 3000...","timestamp":"2020-06-25T05:41:11.155Z"}
{"level":"info","message":"Listening on port 3000...","timestamp":"2020-06-25T05:41:12.474Z"}
{"level":"info","message":"Listening on port 3000...","timestamp":"2020-06-25T05:41:13.860Z"}
{"level":"info","message":"Listening on port 3000...","timestamp":"2020-06-25T05:41:15.220Z"}
{"level":"info","message":"Listening on port 3000...","timestamp":"2020-06-25T05:41:36.440Z"}
{"level":"info","message":"Listening on port 3000...","timestamp":"2020-06-25T05:41:37.992Z"}
{"level":"info","message":"Listening on port 3000...","timestamp":"2020-06-25T05:41:39.440Z"}
{"level":"info","message":"Listening on port 3000...","timestamp":"2020-06-25T05:41:40.902Z"}
{"level":"info","message":"Listening on port 3000...","timestamp":"2020-06-25T05:42:15.239Z"}
{"level":"info","message":"Listening on port 3000...","timestamp":"2020-06-25T05:42:16.997Z"}
{"level":"info","message":"Listening on port 3000...","timestamp":"2020-06-25T05:42:18.521Z"}
{"level":"info","message":"Listening on port 3000...","timestamp":"2020-06-25T05:42:20.122Z"}
{"level":"info","message":"Listening on port 3000...","timestamp":"2020-06-25T05:42:25.542Z"}
{"level":"info","message":"Listening on port 3000...","timestamp":"2020-06-25T05:42:27.351Z"}
{"level":"info","message":"Listening on port 3000...","timestamp":"2020-06-25T05:42:29.006Z"}
{"level":"info","message":"Listening on port 3000...","timestamp":"2020-06-25T05:42:30.736Z"}
{"level":"info","message":"Listening on port 3000...","timestamp":"2020-06-25T05:44:31.922Z"}
{"level":"info","message":"Listening on port 3000...","timestamp":"2020-06-25T05:44:34.178Z"}
{"level":"info","message":"Listening on port 3000...","timestamp":"2020-06-25T05:44:35.912Z"}
{"level":"info","message":"Listening on port 3000...","timestamp":"2020-06-25T05:44:37.724Z"}
{"level":"info","message":"Listening on port 3000...","timestamp":"2020-06-25T05:46:07.314Z"}
{"level":"info","message":"Listening on port 3000...","timestamp":"2020-06-25T05:46:09.652Z"}
{"level":"info","message":"Listening on port 3000...","timestamp":"2020-06-25T05:46:11.383Z"}
{"level":"info","message":"Listening on port 3000...","timestamp":"2020-06-25T05:46:13.281Z"}
{"level":"info","message":"Listening on port 3000...","timestamp":"2020-06-25T05:48:13.948Z"}
{"level":"info","message":"Listening on port 3000...","timestamp":"2020-06-25T05:48:16.608Z"}
{"level":"info","message":"Listening on port 3000...","timestamp":"2020-06-25T05:48:18.470Z"}
{"level":"info","message":"Listening on port 3000...","timestamp":"2020-06-25T05:48:20.460Z"}
{"level":"info","message":"Listening on port 3000...","timestamp":"2020-06-25T05:48:24.124Z"}
{"level":"info","message":"Listening on port 3000...","timestamp":"2020-06-25T05:48:27.071Z"}
{"level":"info","message":"Listening on port 3000...","timestamp":"2020-06-25T05:48:29.041Z"}
{"level":"info","message":"Listening on port 3000...","timestamp":"2020-06-25T05:48:31.040Z"}
{"level":"info","message":"Listening on port 3000...","timestamp":"2020-06-25T05:48:58.067Z"}
{"level":"info","message":"Listening on port 3000...","timestamp":"2020-06-25T05:49:01.420Z"}
{"level":"info","message":"Listening on port 3000...","timestamp":"2020-06-25T05:49:03.432Z"}
{"level":"info","message":"Listening on port 3000...","timestamp":"2020-06-25T05:49:05.634Z"}
{"level":"info","message":"Listening on port 3000...","timestamp":"2020-06-25T05:49:22.729Z"}
{"level":"info","message":"Listening on port 3000...","timestamp":"2020-06-25T05:49:22.811Z"}
{"level":"info","message":"Listening on port 3000...","timestamp":"2020-06-25T05:49:22.825Z"}
{"level":"info","message":"Listening on port 3000...","timestamp":"2020-06-25T05:49:22.829Z"}
{"message":"t is not defined","stack":"ReferenceError: t is not defined\n    at Object.register (/Users/sheenangoh/Projects/school-api/repositories/registrationRepo.js:56:5)","level":"error","timestamp":"2020-06-25T05:49:22.885Z"}
{"message":"t is not defined","stack":"ReferenceError: t is not defined\n    at Object.register (/Users/sheenangoh/Projects/school-api/repositories/registrationRepo.js:56:5)","level":"error","timestamp":"2020-06-25T05:49:29.050Z"}
{"message":"t is not defined","stack":"ReferenceError: t is not defined\n    at Object.register (/Users/sheenangoh/Projects/school-api/repositories/registrationRepo.js:56:5)","level":"error","timestamp":"2020-06-25T05:49:34.105Z"}
{"message":"t is not defined","stack":"ReferenceError: t is not defined\n    at Object.register (/Users/sheenangoh/Projects/school-api/repositories/registrationRepo.js:56:5)","level":"error","timestamp":"2020-06-25T05:49:39.002Z"}
{"message":"SQLITE_ERROR: no such table: Registrations","stack":"SequelizeDatabaseError: SQLITE_ERROR: no such table: Registrations\n    at Query.formatError (/Users/sheenangoh/Projects/school-api/node_modules/sequelize/lib/dialects/sqlite/query.js:422:16)\n    at Query._handleQueryResponse (/Users/sheenangoh/Projects/school-api/node_modules/sequelize/lib/dialects/sqlite/query.js:73:18)\n    at afterExecute (/Users/sheenangoh/Projects/school-api/node_modules/sequelize/lib/dialects/sqlite/query.js:250:31)\n    at replacement (/Users/sheenangoh/Projects/school-api/node_modules/sqlite3/lib/trace.js:19:31)\n    at Statement.errBack (/Users/sheenangoh/Projects/school-api/node_modules/sqlite3/lib/sqlite3.js:14:21)","name":"SequelizeDatabaseError","parent":{"errno":1,"code":"SQLITE_ERROR","sql":"SELECT `Registration`.`studentId`, `Registration`.`teacherId`, `Teacher`.`email`, `Student`.`email`, `Teacher`.`email` AS `Teacher.email`, `Student`.`email` AS `Student.email` FROM `Registrations` AS `Registration` INNER JOIN `Teachers` AS `Teacher` ON `Registration`.`teacherId` = `Teacher`.`id` AND `Teacher`.`email` IN ('teacherken@example.com') LEFT OUTER JOIN `Students` AS `Student` ON `Registration`.`studentId` = `Student`.`id`;"},"original":{"$ref":"$[\"parent\"]"},"sql":"SELECT `Registration`.`studentId`, `Registration`.`teacherId`, `Teacher`.`email`, `Student`.`email`, `Teacher`.`email` AS `Teacher.email`, `Student`.`email` AS `Student.email` FROM `Registrations` AS `Registration` INNER JOIN `Teachers` AS `Teacher` ON `Registration`.`teacherId` = `Teacher`.`id` AND `Teacher`.`email` IN ('teacherken@example.com') LEFT OUTER JOIN `Students` AS `Student` ON `Registration`.`studentId` = `Student`.`id`;","level":"error","timestamp":"2020-06-25T05:49:42.923Z"}
{"message":"t is not defined","stack":"ReferenceError: t is not defined\n    at Object.register (/Users/sheenangoh/Projects/school-api/repositories/registrationRepo.js:56:5)","level":"error","timestamp":"2020-06-25T05:49:44.092Z"}
{"level":"info","message":"Listening on port 3000...","timestamp":"2020-06-25T05:50:03.587Z"}
{"level":"info","message":"Listening on port 3000...","timestamp":"2020-06-25T05:50:04.922Z"}
{"level":"info","message":"Listening on port 3000...","timestamp":"2020-06-25T05:50:05.960Z"}
{"level":"info","message":"Listening on port 3000...","timestamp":"2020-06-25T05:50:07.024Z"}
{"level":"info","message":"Listening on port 3000...","timestamp":"2020-06-25T05:51:04.618Z"}
{"level":"info","message":"Listening on port 3000...","timestamp":"2020-06-25T05:51:05.949Z"}
{"level":"info","message":"Listening on port 3000...","timestamp":"2020-06-25T05:51:06.947Z"}
{"level":"info","message":"Listening on port 3000...","timestamp":"2020-06-25T05:51:07.922Z"}
{"level":"info","message":"Listening on port 3000...","timestamp":"2020-06-25T05:51:35.521Z"}
{"level":"info","message":"Listening on port 3000...","timestamp":"2020-06-25T05:51:36.533Z"}
{"level":"info","message":"Listening on port 3000...","timestamp":"2020-06-25T05:51:37.826Z"}
{"level":"info","message":"Listening on port 3000...","timestamp":"2020-06-25T05:51:38.826Z"}
{"level":"info","message":"Listening on port 3000...","timestamp":"2020-06-25T05:52:12.685Z"}
{"level":"info","message":"Listening on port 3000...","timestamp":"2020-06-25T05:52:14.024Z"}
{"level":"info","message":"Listening on port 3000...","timestamp":"2020-06-25T05:52:14.989Z"}
{"level":"info","message":"Listening on port 3000...","timestamp":"2020-06-25T05:52:15.817Z"}
{"level":"info","message":"Listening on port 3000...","timestamp":"2020-06-25T05:55:30.558Z"}
{"level":"info","message":"Listening on port 3000...","timestamp":"2020-06-25T05:55:31.939Z"}
{"level":"info","message":"Listening on port 3000...","timestamp":"2020-06-25T05:55:32.971Z"}
{"level":"info","message":"Listening on port 3000...","timestamp":"2020-06-25T05:55:34.024Z"}
{"level":"info","message":"Listening on port 3000...","timestamp":"2020-06-25T05:55:59.413Z"}
{"level":"info","message":"Listening on port 3000...","timestamp":"2020-06-25T05:56:00.710Z"}
{"level":"info","message":"Listening on port 3000...","timestamp":"2020-06-25T05:56:01.672Z"}
{"level":"info","message":"Listening on port 3000...","timestamp":"2020-06-25T05:56:02.674Z"}
{"level":"info","message":"Listening on port 3000...","timestamp":"2020-06-25T06:19:52.937Z"}
{"level":"info","message":"Listening on port 3000...","timestamp":"2020-06-25T06:20:07.192Z"}
{"level":"info","message":"Listening on port 3000...","timestamp":"2020-06-25T06:20:08.568Z"}
{"level":"info","message":"Listening on port 3000...","timestamp":"2020-06-25T06:20:09.553Z"}
{"level":"info","message":"Listening on port 3000...","timestamp":"2020-06-25T06:20:10.569Z"}
{"level":"info","message":"Listening on port 3000...","timestamp":"2020-06-25T06:22:06.263Z"}
{"level":"info","message":"Listening on port 3000...","timestamp":"2020-06-25T06:22:07.631Z"}
{"level":"info","message":"Listening on port 3000...","timestamp":"2020-06-25T06:22:08.634Z"}
{"level":"info","message":"Listening on port 3000...","timestamp":"2020-06-25T06:22:09.672Z"}
{"level":"info","message":"Listening on port 3000...","timestamp":"2020-06-25T06:22:34.353Z"}
{"level":"info","message":"Listening on port 3000...","timestamp":"2020-06-25T06:22:35.394Z"}
{"level":"info","message":"Listening on port 3000...","timestamp":"2020-06-25T06:22:36.727Z"}
{"level":"info","message":"Listening on port 3000...","timestamp":"2020-06-25T06:22:37.745Z"}
{"level":"info","message":"Listening on port 3000...","timestamp":"2020-06-25T06:22:56.228Z"}
{"level":"info","message":"Listening on port 3000...","timestamp":"2020-06-25T06:22:57.308Z"}
{"level":"info","message":"Listening on port 3000...","timestamp":"2020-06-25T06:22:58.644Z"}
{"level":"info","message":"Listening on port 3000...","timestamp":"2020-06-25T06:22:59.666Z"}
{"level":"info","message":"Listening on port 3000...","timestamp":"2020-06-25T06:24:57.580Z"}
{"level":"info","message":"Listening on port 3000...","timestamp":"2020-06-25T06:24:58.674Z"}
{"level":"info","message":"Listening on port 3000...","timestamp":"2020-06-25T06:25:00.054Z"}
{"level":"info","message":"Listening on port 3000...","timestamp":"2020-06-25T06:25:01.108Z"}
{"level":"info","message":"Listening on port 3000...","timestamp":"2020-06-25T06:25:36.206Z"}
{"level":"info","message":"Listening on port 3000...","timestamp":"2020-06-25T06:25:37.407Z"}
{"level":"info","message":"Listening on port 3000...","timestamp":"2020-06-25T06:25:38.937Z"}
{"level":"info","message":"Listening on port 3000...","timestamp":"2020-06-25T06:25:40.099Z"}
{"level":"info","message":"Listening on port 3000...","timestamp":"2020-06-25T06:25:55.667Z"}
{"level":"info","message":"Listening on port 3000...","timestamp":"2020-06-25T06:26:51.426Z"}
{"level":"info","message":"Listening on port 3000...","timestamp":"2020-06-25T06:27:14.515Z"}
{"level":"info","message":"Listening on port 3000...","timestamp":"2020-06-25T06:28:36.253Z"}
{"level":"info","message":"Listening on port 3000...","timestamp":"2020-06-25T06:28:50.151Z"}
{"level":"info","message":"Listening on port 3000...","timestamp":"2020-06-25T06:30:01.129Z"}
{"level":"info","message":"Listening on port 3000...","timestamp":"2020-06-25T06:30:09.917Z"}
{"level":"info","message":"Listening on port 3000...","timestamp":"2020-06-25T06:30:11.035Z"}
{"level":"info","message":"Listening on port 3000...","timestamp":"2020-06-25T06:30:12.409Z"}
{"level":"info","message":"Listening on port 3000...","timestamp":"2020-06-25T06:30:13.473Z"}
{"level":"info","message":"Listening on port 3000...","timestamp":"2020-06-25T06:31:26.751Z"}
{"level":"info","message":"Listening on port 3000...","timestamp":"2020-06-25T06:31:27.864Z"}
{"level":"info","message":"Listening on port 3000...","timestamp":"2020-06-25T06:31:29.250Z"}
{"level":"info","message":"Listening on port 3000...","timestamp":"2020-06-25T06:31:30.322Z"}
{"level":"info","message":"Listening on port 3000...","timestamp":"2020-06-25T06:31:53.858Z"}
{"level":"info","message":"Listening on port 3000...","timestamp":"2020-06-25T06:31:55.021Z"}
{"level":"info","message":"Listening on port 3000...","timestamp":"2020-06-25T06:31:56.510Z"}
{"level":"info","message":"Listening on port 3000...","timestamp":"2020-06-25T06:31:57.659Z"}
{"level":"info","message":"Listening on port 3000...","timestamp":"2020-06-25T06:32:01.584Z"}
{"level":"info","message":"Listening on port 3000...","timestamp":"2020-06-25T06:32:02.820Z"}
{"level":"info","message":"Listening on port 3000...","timestamp":"2020-06-25T06:32:04.539Z"}
{"level":"info","message":"Listening on port 3000...","timestamp":"2020-06-25T06:32:05.841Z"}
{"level":"info","message":"Listening on port 3000...","timestamp":"2020-06-25T06:33:11.496Z"}
{"message":"teachers is not defined","stack":"ReferenceError: teachers is not defined\n    at /Users/sheenangoh/Projects/school-api/routes/commonstudents.js:28:61\n    at newFn (/Users/sheenangoh/Projects/school-api/node_modules/express-async-errors/index.js:16:20)\n    at Layer.handle [as handle_request] (/Users/sheenangoh/Projects/school-api/node_modules/express/lib/router/layer.js:95:5)\n    at next (/Users/sheenangoh/Projects/school-api/node_modules/express/lib/router/route.js:137:13)\n    at Route.dispatch (/Users/sheenangoh/Projects/school-api/node_modules/express/lib/router/route.js:112:3)\n    at newFn (/Users/sheenangoh/Projects/school-api/node_modules/express-async-errors/index.js:16:20)\n    at Layer.handle [as handle_request] (/Users/sheenangoh/Projects/school-api/node_modules/express/lib/router/layer.js:95:5)\n    at /Users/sheenangoh/Projects/school-api/node_modules/express/lib/router/index.js:281:22\n    at Function.process_params (/Users/sheenangoh/Projects/school-api/node_modules/express/lib/router/index.js:335:12)\n    at next (/Users/sheenangoh/Projects/school-api/node_modules/express/lib/router/index.js:275:10)\n    at Function.handle (/Users/sheenangoh/Projects/school-api/node_modules/express/lib/router/index.js:174:3)\n    at router (/Users/sheenangoh/Projects/school-api/node_modules/express/lib/router/index.js:47:12)\n    at newFn (/Users/sheenangoh/Projects/school-api/node_modules/express-async-errors/index.js:16:20)\n    at Layer.handle [as handle_request] (/Users/sheenangoh/Projects/school-api/node_modules/express/lib/router/layer.js:95:5)\n    at trim_prefix (/Users/sheenangoh/Projects/school-api/node_modules/express/lib/router/index.js:317:13)\n    at /Users/sheenangoh/Projects/school-api/node_modules/express/lib/router/index.js:284:7\n    at Function.process_params (/Users/sheenangoh/Projects/school-api/node_modules/express/lib/router/index.js:335:12)\n    at next (/Users/sheenangoh/Projects/school-api/node_modules/express/lib/router/index.js:275:10)\n    at jsonParser (/Users/sheenangoh/Projects/school-api/node_modules/body-parser/lib/types/json.js:110:7)\n    at newFn (/Users/sheenangoh/Projects/school-api/node_modules/express-async-errors/index.js:16:20)\n    at Layer.handle [as handle_request] (/Users/sheenangoh/Projects/school-api/node_modules/express/lib/router/layer.js:95:5)\n    at trim_prefix (/Users/sheenangoh/Projects/school-api/node_modules/express/lib/router/index.js:317:13)","level":"error","timestamp":"2020-06-25T06:33:11.684Z"}
{"message":"teachers is not defined","stack":"ReferenceError: teachers is not defined\n    at /Users/sheenangoh/Projects/school-api/routes/commonstudents.js:28:61\n    at newFn (/Users/sheenangoh/Projects/school-api/node_modules/express-async-errors/index.js:16:20)\n    at Layer.handle [as handle_request] (/Users/sheenangoh/Projects/school-api/node_modules/express/lib/router/layer.js:95:5)\n    at next (/Users/sheenangoh/Projects/school-api/node_modules/express/lib/router/route.js:137:13)\n    at Route.dispatch (/Users/sheenangoh/Projects/school-api/node_modules/express/lib/router/route.js:112:3)\n    at newFn (/Users/sheenangoh/Projects/school-api/node_modules/express-async-errors/index.js:16:20)\n    at Layer.handle [as handle_request] (/Users/sheenangoh/Projects/school-api/node_modules/express/lib/router/layer.js:95:5)\n    at /Users/sheenangoh/Projects/school-api/node_modules/express/lib/router/index.js:281:22\n    at Function.process_params (/Users/sheenangoh/Projects/school-api/node_modules/express/lib/router/index.js:335:12)\n    at next (/Users/sheenangoh/Projects/school-api/node_modules/express/lib/router/index.js:275:10)\n    at Function.handle (/Users/sheenangoh/Projects/school-api/node_modules/express/lib/router/index.js:174:3)\n    at router (/Users/sheenangoh/Projects/school-api/node_modules/express/lib/router/index.js:47:12)\n    at newFn (/Users/sheenangoh/Projects/school-api/node_modules/express-async-errors/index.js:16:20)\n    at Layer.handle [as handle_request] (/Users/sheenangoh/Projects/school-api/node_modules/express/lib/router/layer.js:95:5)\n    at trim_prefix (/Users/sheenangoh/Projects/school-api/node_modules/express/lib/router/index.js:317:13)\n    at /Users/sheenangoh/Projects/school-api/node_modules/express/lib/router/index.js:284:7\n    at Function.process_params (/Users/sheenangoh/Projects/school-api/node_modules/express/lib/router/index.js:335:12)\n    at next (/Users/sheenangoh/Projects/school-api/node_modules/express/lib/router/index.js:275:10)\n    at jsonParser (/Users/sheenangoh/Projects/school-api/node_modules/body-parser/lib/types/json.js:110:7)\n    at newFn (/Users/sheenangoh/Projects/school-api/node_modules/express-async-errors/index.js:16:20)\n    at Layer.handle [as handle_request] (/Users/sheenangoh/Projects/school-api/node_modules/express/lib/router/layer.js:95:5)\n    at trim_prefix (/Users/sheenangoh/Projects/school-api/node_modules/express/lib/router/index.js:317:13)","level":"error","timestamp":"2020-06-25T06:33:11.801Z"}
{"message":"teachers is not defined","stack":"ReferenceError: teachers is not defined\n    at /Users/sheenangoh/Projects/school-api/routes/commonstudents.js:28:61\n    at newFn (/Users/sheenangoh/Projects/school-api/node_modules/express-async-errors/index.js:16:20)\n    at Layer.handle [as handle_request] (/Users/sheenangoh/Projects/school-api/node_modules/express/lib/router/layer.js:95:5)\n    at next (/Users/sheenangoh/Projects/school-api/node_modules/express/lib/router/route.js:137:13)\n    at Route.dispatch (/Users/sheenangoh/Projects/school-api/node_modules/express/lib/router/route.js:112:3)\n    at newFn (/Users/sheenangoh/Projects/school-api/node_modules/express-async-errors/index.js:16:20)\n    at Layer.handle [as handle_request] (/Users/sheenangoh/Projects/school-api/node_modules/express/lib/router/layer.js:95:5)\n    at /Users/sheenangoh/Projects/school-api/node_modules/express/lib/router/index.js:281:22\n    at Function.process_params (/Users/sheenangoh/Projects/school-api/node_modules/express/lib/router/index.js:335:12)\n    at next (/Users/sheenangoh/Projects/school-api/node_modules/express/lib/router/index.js:275:10)\n    at Function.handle (/Users/sheenangoh/Projects/school-api/node_modules/express/lib/router/index.js:174:3)\n    at router (/Users/sheenangoh/Projects/school-api/node_modules/express/lib/router/index.js:47:12)\n    at newFn (/Users/sheenangoh/Projects/school-api/node_modules/express-async-errors/index.js:16:20)\n    at Layer.handle [as handle_request] (/Users/sheenangoh/Projects/school-api/node_modules/express/lib/router/layer.js:95:5)\n    at trim_prefix (/Users/sheenangoh/Projects/school-api/node_modules/express/lib/router/index.js:317:13)\n    at /Users/sheenangoh/Projects/school-api/node_modules/express/lib/router/index.js:284:7\n    at Function.process_params (/Users/sheenangoh/Projects/school-api/node_modules/express/lib/router/index.js:335:12)\n    at next (/Users/sheenangoh/Projects/school-api/node_modules/express/lib/router/index.js:275:10)\n    at jsonParser (/Users/sheenangoh/Projects/school-api/node_modules/body-parser/lib/types/json.js:110:7)\n    at newFn (/Users/sheenangoh/Projects/school-api/node_modules/express-async-errors/index.js:16:20)\n    at Layer.handle [as handle_request] (/Users/sheenangoh/Projects/school-api/node_modules/express/lib/router/layer.js:95:5)\n    at trim_prefix (/Users/sheenangoh/Projects/school-api/node_modules/express/lib/router/index.js:317:13)","level":"error","timestamp":"2020-06-25T06:33:11.903Z"}
{"message":"teachers is not defined","stack":"ReferenceError: teachers is not defined\n    at /Users/sheenangoh/Projects/school-api/routes/commonstudents.js:28:61\n    at newFn (/Users/sheenangoh/Projects/school-api/node_modules/express-async-errors/index.js:16:20)\n    at Layer.handle [as handle_request] (/Users/sheenangoh/Projects/school-api/node_modules/express/lib/router/layer.js:95:5)\n    at next (/Users/sheenangoh/Projects/school-api/node_modules/express/lib/router/route.js:137:13)\n    at Route.dispatch (/Users/sheenangoh/Projects/school-api/node_modules/express/lib/router/route.js:112:3)\n    at newFn (/Users/sheenangoh/Projects/school-api/node_modules/express-async-errors/index.js:16:20)\n    at Layer.handle [as handle_request] (/Users/sheenangoh/Projects/school-api/node_modules/express/lib/router/layer.js:95:5)\n    at /Users/sheenangoh/Projects/school-api/node_modules/express/lib/router/index.js:281:22\n    at Function.process_params (/Users/sheenangoh/Projects/school-api/node_modules/express/lib/router/index.js:335:12)\n    at next (/Users/sheenangoh/Projects/school-api/node_modules/express/lib/router/index.js:275:10)\n    at Function.handle (/Users/sheenangoh/Projects/school-api/node_modules/express/lib/router/index.js:174:3)\n    at router (/Users/sheenangoh/Projects/school-api/node_modules/express/lib/router/index.js:47:12)\n    at newFn (/Users/sheenangoh/Projects/school-api/node_modules/express-async-errors/index.js:16:20)\n    at Layer.handle [as handle_request] (/Users/sheenangoh/Projects/school-api/node_modules/express/lib/router/layer.js:95:5)\n    at trim_prefix (/Users/sheenangoh/Projects/school-api/node_modules/express/lib/router/index.js:317:13)\n    at /Users/sheenangoh/Projects/school-api/node_modules/express/lib/router/index.js:284:7\n    at Function.process_params (/Users/sheenangoh/Projects/school-api/node_modules/express/lib/router/index.js:335:12)\n    at next (/Users/sheenangoh/Projects/school-api/node_modules/express/lib/router/index.js:275:10)\n    at jsonParser (/Users/sheenangoh/Projects/school-api/node_modules/body-parser/lib/types/json.js:110:7)\n    at newFn (/Users/sheenangoh/Projects/school-api/node_modules/express-async-errors/index.js:16:20)\n    at Layer.handle [as handle_request] (/Users/sheenangoh/Projects/school-api/node_modules/express/lib/router/layer.js:95:5)\n    at trim_prefix (/Users/sheenangoh/Projects/school-api/node_modules/express/lib/router/index.js:317:13)","level":"error","timestamp":"2020-06-25T06:33:11.995Z"}
{"level":"info","message":"Listening on port 3000...","timestamp":"2020-06-25T06:33:12.826Z"}
{"level":"info","message":"Listening on port 3000...","timestamp":"2020-06-25T06:33:14.635Z"}
{"level":"info","message":"Listening on port 3000...","timestamp":"2020-06-25T06:33:16.030Z"}
{"level":"info","message":"Listening on port 3000...","timestamp":"2020-06-25T06:33:20.481Z"}
{"level":"info","message":"Listening on port 3000...","timestamp":"2020-06-25T06:33:21.844Z"}
{"level":"info","message":"Listening on port 3000...","timestamp":"2020-06-25T06:33:23.799Z"}
{"level":"info","message":"Listening on port 3000...","timestamp":"2020-06-25T06:33:25.268Z"}
{"level":"info","message":"Listening on port 3000...","timestamp":"2020-06-25T06:35:53.814Z"}
{"level":"info","message":"Listening on port 3000...","timestamp":"2020-06-25T06:35:55.305Z"}
{"level":"info","message":"Listening on port 3000...","timestamp":"2020-06-25T06:35:57.440Z"}
{"level":"info","message":"Listening on port 3000...","timestamp":"2020-06-25T06:35:58.961Z"}
{"level":"info","message":"Listening on port 3000...","timestamp":"2020-06-25T06:37:48.098Z"}
{"level":"info","message":"Listening on port 3000...","timestamp":"2020-06-25T06:37:49.685Z"}
{"level":"info","message":"Listening on port 3000...","timestamp":"2020-06-25T06:37:51.823Z"}
{"level":"info","message":"Listening on port 3000...","timestamp":"2020-06-25T06:37:53.440Z"}
{"level":"info","message":"Listening on port 3000...","timestamp":"2020-06-25T06:38:10.518Z"}
{"level":"info","message":"Listening on port 3000...","timestamp":"2020-06-25T06:38:12.200Z"}
{"level":"info","message":"Listening on port 3000...","timestamp":"2020-06-25T06:38:14.447Z"}
{"level":"info","message":"Listening on port 3000...","timestamp":"2020-06-25T06:38:16.111Z"}
{"level":"info","message":"Listening on port 3000...","timestamp":"2020-06-25T06:39:38.879Z"}
{"level":"info","message":"Listening on port 3000...","timestamp":"2020-06-25T06:39:40.673Z"}
{"level":"info","message":"Listening on port 3000...","timestamp":"2020-06-25T06:39:43.165Z"}
{"level":"info","message":"Listening on port 3000...","timestamp":"2020-06-25T06:39:45.017Z"}
{"level":"info","message":"Listening on port 3000...","timestamp":"2020-06-25T06:39:58.032Z"}
{"level":"info","message":"Listening on port 3000...","timestamp":"2020-06-25T06:39:59.988Z"}
{"level":"info","message":"Listening on port 3000...","timestamp":"2020-06-25T06:40:02.575Z"}
{"level":"info","message":"Listening on port 3000...","timestamp":"2020-06-25T06:40:04.589Z"}
{"level":"info","message":"Listening on port 3000...","timestamp":"2020-06-25T06:40:08.176Z"}
{"level":"info","message":"Listening on port 3000...","timestamp":"2020-06-25T06:40:10.144Z"}
{"level":"info","message":"Listening on port 3000...","timestamp":"2020-06-25T06:40:12.969Z"}
{"level":"info","message":"Listening on port 3000...","timestamp":"2020-06-25T06:40:15.015Z"}
{"level":"info","message":"Listening on port 3000...","timestamp":"2020-06-25T06:40:45.096Z"}
{"level":"info","message":"Listening on port 3000...","timestamp":"2020-06-25T06:40:47.221Z"}
{"level":"info","message":"Listening on port 3000...","timestamp":"2020-06-25T06:40:50.069Z"}
{"level":"info","message":"Listening on port 3000...","timestamp":"2020-06-25T06:40:52.212Z"}
{"level":"info","message":"Listening on port 3000...","timestamp":"2020-06-25T06:41:02.650Z"}
{"level":"info","message":"Listening on port 3000...","timestamp":"2020-06-25T06:41:04.946Z"}
{"level":"info","message":"Listening on port 3000...","timestamp":"2020-06-25T06:41:08.003Z"}
{"level":"info","message":"Listening on port 3000...","timestamp":"2020-06-25T06:41:10.153Z"}
{"level":"info","message":"Listening on port 3000...","timestamp":"2020-06-25T06:41:24.754Z"}
{"level":"info","message":"Listening on port 3000...","timestamp":"2020-06-25T06:41:27.198Z"}
{"level":"info","message":"Listening on port 3000...","timestamp":"2020-06-25T06:41:30.412Z"}
{"level":"info","message":"Listening on port 3000...","timestamp":"2020-06-25T06:41:32.700Z"}
{"level":"info","message":"Listening on port 3000...","timestamp":"2020-06-25T06:41:44.581Z"}
{"level":"info","message":"Listening on port 3000...","timestamp":"2020-06-25T06:41:47.012Z"}
{"level":"info","message":"Listening on port 3000...","timestamp":"2020-06-25T06:41:50.420Z"}
{"level":"info","message":"Listening on port 3000...","timestamp":"2020-06-25T06:41:52.962Z"}
{"level":"info","message":"Listening on port 3000...","timestamp":"2020-06-25T06:42:39.988Z"}
{"level":"info","message":"Listening on port 3000...","timestamp":"2020-06-25T06:42:42.589Z"}
{"level":"info","message":"Listening on port 3000...","timestamp":"2020-06-25T06:42:45.950Z"}
{"level":"info","message":"Listening on port 3000...","timestamp":"2020-06-25T06:42:48.627Z"}
{"level":"info","message":"Listening on port 3000...","timestamp":"2020-06-25T06:43:51.805Z"}
{"message":"Cannot read property 'split' of undefined","stack":"TypeError: Cannot read property 'split' of undefined\n    at /Users/sheenangoh/Projects/school-api/routes/commonstudents.js:23:28\n    at newFn (/Users/sheenangoh/Projects/school-api/node_modules/express-async-errors/index.js:16:20)\n    at Layer.handle [as handle_request] (/Users/sheenangoh/Projects/school-api/node_modules/express/lib/router/layer.js:95:5)\n    at next (/Users/sheenangoh/Projects/school-api/node_modules/express/lib/router/route.js:137:13)\n    at Route.dispatch (/Users/sheenangoh/Projects/school-api/node_modules/express/lib/router/route.js:112:3)\n    at newFn (/Users/sheenangoh/Projects/school-api/node_modules/express-async-errors/index.js:16:20)\n    at Layer.handle [as handle_request] (/Users/sheenangoh/Projects/school-api/node_modules/express/lib/router/layer.js:95:5)\n    at /Users/sheenangoh/Projects/school-api/node_modules/express/lib/router/index.js:281:22\n    at Function.process_params (/Users/sheenangoh/Projects/school-api/node_modules/express/lib/router/index.js:335:12)\n    at next (/Users/sheenangoh/Projects/school-api/node_modules/express/lib/router/index.js:275:10)\n    at Function.handle (/Users/sheenangoh/Projects/school-api/node_modules/express/lib/router/index.js:174:3)\n    at router (/Users/sheenangoh/Projects/school-api/node_modules/express/lib/router/index.js:47:12)\n    at newFn (/Users/sheenangoh/Projects/school-api/node_modules/express-async-errors/index.js:16:20)\n    at Layer.handle [as handle_request] (/Users/sheenangoh/Projects/school-api/node_modules/express/lib/router/layer.js:95:5)\n    at trim_prefix (/Users/sheenangoh/Projects/school-api/node_modules/express/lib/router/index.js:317:13)\n    at /Users/sheenangoh/Projects/school-api/node_modules/express/lib/router/index.js:284:7\n    at Function.process_params (/Users/sheenangoh/Projects/school-api/node_modules/express/lib/router/index.js:335:12)\n    at next (/Users/sheenangoh/Projects/school-api/node_modules/express/lib/router/index.js:275:10)\n    at jsonParser (/Users/sheenangoh/Projects/school-api/node_modules/body-parser/lib/types/json.js:110:7)\n    at newFn (/Users/sheenangoh/Projects/school-api/node_modules/express-async-errors/index.js:16:20)\n    at Layer.handle [as handle_request] (/Users/sheenangoh/Projects/school-api/node_modules/express/lib/router/layer.js:95:5)\n    at trim_prefix (/Users/sheenangoh/Projects/school-api/node_modules/express/lib/router/index.js:317:13)","level":"error","timestamp":"2020-06-25T06:43:52.120Z"}
{"level":"info","message":"Listening on port 3000...","timestamp":"2020-06-25T06:43:54.539Z"}
{"level":"info","message":"Listening on port 3000...","timestamp":"2020-06-25T06:43:58.055Z"}
{"level":"info","message":"Listening on port 3000...","timestamp":"2020-06-25T06:44:00.870Z"}
{"level":"info","message":"Listening on port 3000...","timestamp":"2020-06-25T06:44:56.056Z"}
{"level":"info","message":"Listening on port 3000...","timestamp":"2020-06-25T06:44:58.898Z"}
{"level":"info","message":"Listening on port 3000...","timestamp":"2020-06-25T06:45:02.634Z"}
{"level":"info","message":"Listening on port 3000...","timestamp":"2020-06-25T06:45:05.288Z"}
{"level":"info","message":"Listening on port 3000...","timestamp":"2020-06-25T06:49:11.106Z"}
{"level":"info","message":"Listening on port 3000...","timestamp":"2020-06-25T06:49:14.298Z"}
{"level":"info","message":"Listening on port 3000...","timestamp":"2020-06-25T06:49:18.167Z"}
{"level":"info","message":"Listening on port 3000...","timestamp":"2020-06-25T06:49:20.798Z"}
{"level":"info","message":"Listening on port 3000...","timestamp":"2020-06-25T06:49:23.606Z"}
{"level":"info","message":"Listening on port 3000...","timestamp":"2020-06-25T06:49:26.260Z"}
{"level":"info","message":"Listening on port 3000...","timestamp":"2020-06-25T06:49:30.280Z"}
{"level":"info","message":"Listening on port 3000...","timestamp":"2020-06-25T06:49:33.364Z"}
{"level":"info","message":"Listening on port 3000...","timestamp":"2020-06-25T06:49:54.058Z"}
{"level":"info","message":"Listening on port 3000...","timestamp":"2020-06-25T06:49:57.243Z"}
{"level":"info","message":"Listening on port 3000...","timestamp":"2020-06-25T06:50:01.360Z"}
{"level":"info","message":"Listening on port 3000...","timestamp":"2020-06-25T06:50:04.229Z"}
{"level":"info","message":"Listening on port 3000...","timestamp":"2020-06-25T06:50:56.973Z"}
{"level":"info","message":"Listening on port 3000...","timestamp":"2020-06-25T06:51:41.147Z"}
{"level":"info","message":"Listening on port 3000...","timestamp":"2020-06-25T06:51:57.685Z"}
{"level":"info","message":"Listening on port 3000...","timestamp":"2020-06-25T06:51:58.760Z"}
{"level":"info","message":"Listening on port 3000...","timestamp":"2020-06-25T06:52:00.085Z"}
{"level":"info","message":"Listening on port 3000...","timestamp":"2020-06-25T06:52:01.109Z"}
{"level":"info","message":"Listening on port 3000...","timestamp":"2020-06-25T06:52:55.869Z"}
{"level":"info","message":"Listening on port 3000...","timestamp":"2020-06-25T06:52:57.100Z"}
{"level":"info","message":"Listening on port 3000...","timestamp":"2020-06-25T06:52:58.585Z"}
{"level":"info","message":"Listening on port 3000...","timestamp":"2020-06-25T06:52:59.738Z"}
{"level":"info","message":"Listening on port 3000...","timestamp":"2020-06-25T06:53:28.040Z"}
{"level":"info","message":"Listening on port 3000...","timestamp":"2020-06-25T06:53:29.179Z"}
{"level":"info","message":"Listening on port 3000...","timestamp":"2020-06-25T06:53:30.533Z"}
{"level":"info","message":"Listening on port 3000...","timestamp":"2020-06-25T06:53:31.590Z"}
{"level":"info","message":"Listening on port 3000...","timestamp":"2020-06-25T06:53:44.648Z"}
{"level":"info","message":"Listening on port 3000...","timestamp":"2020-06-25T06:53:45.705Z"}
{"level":"info","message":"Listening on port 3000...","timestamp":"2020-06-25T06:53:46.967Z"}
{"level":"info","message":"Listening on port 3000...","timestamp":"2020-06-25T06:53:47.965Z"}
{"level":"info","message":"Listening on port 3000...","timestamp":"2020-06-25T07:08:42.260Z"}
{"level":"info","message":"Listening on port 3000...","timestamp":"2020-06-25T07:11:00.614Z"}
{"level":"info","message":"Listening on port 3000...","timestamp":"2020-06-25T07:12:40.244Z"}
{"level":"info","message":"Listening on port 3000...","timestamp":"2020-06-25T07:12:41.314Z"}
{"level":"info","message":"Listening on port 3000...","timestamp":"2020-06-25T07:12:42.577Z"}
{"level":"info","message":"Listening on port 3000...","timestamp":"2020-06-25T07:12:43.569Z"}
